[2019-09-16 13:39:13,810] {taskinstance.py:616} INFO - Dependencies all met for <TaskInstance: stock_data.get_msft_stock_data 2019-01-04T17:00:00+00:00 [queued]>
[2019-09-16 13:39:13,818] {taskinstance.py:616} INFO - Dependencies all met for <TaskInstance: stock_data.get_msft_stock_data 2019-01-04T17:00:00+00:00 [queued]>
[2019-09-16 13:39:13,818] {taskinstance.py:834} INFO - 
--------------------------------------------------------------------------------
[2019-09-16 13:39:13,818] {taskinstance.py:835} INFO - Starting attempt 1 of 2
[2019-09-16 13:39:13,818] {taskinstance.py:836} INFO - 
--------------------------------------------------------------------------------
[2019-09-16 13:39:13,824] {taskinstance.py:855} INFO - Executing <Task(PythonOperator): get_msft_stock_data> on 2019-01-04T17:00:00+00:00
[2019-09-16 13:39:13,825] {base_task_runner.py:133} INFO - Running: ['airflow', 'run', 'stock_data', 'get_msft_stock_data', '2019-01-04T17:00:00+00:00', '--job_id', '109', '--pool', 'default_pool', '--raw', '-sd', 'DAGS_FOLDER/hello_world_dag.py', '--cfg_path', '/var/folders/z6/sk1b92g1385cmsp5qvg672kr0000gn/T/tmpxtvg17e5']
[2019-09-16 13:39:14,680] {base_task_runner.py:115} INFO - Job 109: Subtask get_msft_stock_data [2019-09-16 13:39:14,679] {__init__.py:51} INFO - Using executor SequentialExecutor
[2019-09-16 13:39:15,049] {base_task_runner.py:115} INFO - Job 109: Subtask get_msft_stock_data [2019-09-16 13:39:15,047] {dagbag.py:90} INFO - Filling up the DagBag from /Users/hdeva/airflow/dags/hello_world_dag.py
[2019-09-16 13:39:20,357] {base_task_runner.py:115} INFO - Job 109: Subtask get_msft_stock_data [2019-09-16 13:39:20,356] {cli.py:516} INFO - Running <TaskInstance: stock_data.get_msft_stock_data 2019-01-04T17:00:00+00:00 [running]> on host Haris-MacBook-Pro.local
[2019-09-16 13:39:25,372] {python_operator.py:105} INFO - Exporting the following env vars:
AIRFLOW_CTX_DAG_ID=stock_data
AIRFLOW_CTX_TASK_ID=get_msft_stock_data
AIRFLOW_CTX_EXECUTION_DATE=2019-01-04T17:00:00+00:00
AIRFLOW_CTX_DAG_RUN_ID=scheduled__2019-01-04T17:00:00+00:00
[2019-09-16 13:39:28,413] {python_operator.py:114} INFO - Done. Returned value was:      symbol                      date  ...  splitFactor     volume
0      MSFT 2015-01-02 00:00:00+00:00  ...          1.0   27913852
1      MSFT 2015-01-05 00:00:00+00:00  ...          1.0   39673865
2      MSFT 2015-01-06 00:00:00+00:00  ...          1.0   36447854
3      MSFT 2015-01-07 00:00:00+00:00  ...          1.0   29114061
4      MSFT 2015-01-08 00:00:00+00:00  ...          1.0   29645202
5      MSFT 2015-01-09 00:00:00+00:00  ...          1.0   23715642
6      MSFT 2015-01-12 00:00:00+00:00  ...          1.0   23651887
7      MSFT 2015-01-13 00:00:00+00:00  ...          1.0   35270601
8      MSFT 2015-01-14 00:00:00+00:00  ...          1.0   29719580
9      MSFT 2015-01-15 00:00:00+00:00  ...          1.0   32750779
10     MSFT 2015-01-16 00:00:00+00:00  ...          1.0   35695289
11     MSFT 2015-01-20 00:00:00+00:00  ...          1.0   36161860
12     MSFT 2015-01-21 00:00:00+00:00  ...          1.0   39081143
13     MSFT 2015-01-22 00:00:00+00:00  ...          1.0   35898035
14     MSFT 2015-01-23 00:00:00+00:00  ...          1.0   26211594
15     MSFT 2015-01-26 00:00:00+00:00  ...          1.0   42525530
16     MSFT 2015-01-27 00:00:00+00:00  ...          1.0  169163953
17     MSFT 2015-01-28 00:00:00+00:00  ...          1.0   84507078
18     MSFT 2015-01-29 00:00:00+00:00  ...          1.0   63585273
19     MSFT 2015-01-30 00:00:00+00:00  ...          1.0   78004944
20     MSFT 2015-02-02 00:00:00+00:00  ...          1.0   50352532
21     MSFT 2015-02-03 00:00:00+00:00  ...          1.0   52082448
22     MSFT 2015-02-04 00:00:00+00:00  ...          1.0   41614812
23     MSFT 2015-02-05 00:00:00+00:00  ...          1.0   36548168
24     MSFT 2015-02-06 00:00:00+00:00  ...          1.0   34616554
25     MSFT 2015-02-09 00:00:00+00:00  ...          1.0   31381061
26     MSFT 2015-02-10 00:00:00+00:00  ...          1.0   29670676
27     MSFT 2015-02-11 00:00:00+00:00  ...          1.0   38262509
28     MSFT 2015-02-12 00:00:00+00:00  ...          1.0   33268831
29     MSFT 2015-02-13 00:00:00+00:00  ...          1.0   40264887
...     ...                       ...  ...          ...        ...
1153   MSFT 2019-08-02 00:00:00+00:00  ...          1.0   30791624
1154   MSFT 2019-08-05 00:00:00+00:00  ...          1.0   42749551
1155   MSFT 2019-08-06 00:00:00+00:00  ...          1.0   32696651
1156   MSFT 2019-08-07 00:00:00+00:00  ...          1.0   33414539
1157   MSFT 2019-08-08 00:00:00+00:00  ...          1.0   27496508
1158   MSFT 2019-08-09 00:00:00+00:00  ...          1.0   23466701
1159   MSFT 2019-08-12 00:00:00+00:00  ...          1.0   20484348
1160   MSFT 2019-08-13 00:00:00+00:00  ...          1.0   25496593
1161   MSFT 2019-08-14 00:00:00+00:00  ...          1.0   32527251
1162   MSFT 2019-08-15 00:00:00+00:00  ...          1.0   28125416
1163   MSFT 2019-08-16 00:00:00+00:00  ...          1.0   25026151
1164   MSFT 2019-08-19 00:00:00+00:00  ...          1.0   24370543
1165   MSFT 2019-08-20 00:00:00+00:00  ...          1.0   21188998
1166   MSFT 2019-08-21 00:00:00+00:00  ...          1.0   14982314
1167   MSFT 2019-08-22 00:00:00+00:00  ...          1.0   18709662
1168   MSFT 2019-08-23 00:00:00+00:00  ...          1.0   38515386
1169   MSFT 2019-08-26 00:00:00+00:00  ...          1.0   20325271
1170   MSFT 2019-08-27 00:00:00+00:00  ...          1.0   23115635
1171   MSFT 2019-08-28 00:00:00+00:00  ...          1.0   17343042
1172   MSFT 2019-08-29 00:00:00+00:00  ...          1.0   20179716
1173   MSFT 2019-08-30 00:00:00+00:00  ...          1.0   23946123
1174   MSFT 2019-09-03 00:00:00+00:00  ...          1.0   18880773
1175   MSFT 2019-09-04 00:00:00+00:00  ...          1.0   18015310
1176   MSFT 2019-09-05 00:00:00+00:00  ...          1.0   26119520
1177   MSFT 2019-09-06 00:00:00+00:00  ...          1.0   20824504
1178   MSFT 2019-09-09 00:00:00+00:00  ...          1.0   25773932
1179   MSFT 2019-09-10 00:00:00+00:00  ...          1.0   28903378
1180   MSFT 2019-09-11 00:00:00+00:00  ...          1.0   24726117
1181   MSFT 2019-09-12 00:00:00+00:00  ...          1.0   27009981
1182   MSFT 2019-09-13 00:00:00+00:00  ...          1.0   23363057

[1183 rows x 14 columns]
[2019-09-16 13:39:28,889] {logging_mixin.py:95} INFO - [[34m2019-09-16 13:39:28,887[0m] {[34mlocal_task_job.py:[0m105} INFO[0m - Task exited with return code 0[0m
