[2019-09-01 18:43:10,304] {taskinstance.py:616} INFO - Dependencies all met for <TaskInstance: stock_data.get_fb_stock_data 2019-09-01T23:41:11.504322+00:00 [queued]>
[2019-09-01 18:43:10,312] {taskinstance.py:616} INFO - Dependencies all met for <TaskInstance: stock_data.get_fb_stock_data 2019-09-01T23:41:11.504322+00:00 [queued]>
[2019-09-01 18:43:10,312] {taskinstance.py:834} INFO - 
--------------------------------------------------------------------------------
[2019-09-01 18:43:10,312] {taskinstance.py:835} INFO - Starting attempt 1 of 2
[2019-09-01 18:43:10,312] {taskinstance.py:836} INFO - 
--------------------------------------------------------------------------------
[2019-09-01 18:43:10,323] {taskinstance.py:855} INFO - Executing <Task(PythonOperator): get_fb_stock_data> on 2019-09-01T23:41:11.504322+00:00
[2019-09-01 18:43:10,324] {base_task_runner.py:133} INFO - Running: ['airflow', 'run', 'stock_data', 'get_fb_stock_data', '2019-09-01T23:41:11.504322+00:00', '--job_id', '55', '--pool', 'default_pool', '--raw', '-sd', 'DAGS_FOLDER/hello_world_dag.py', '--cfg_path', '/var/folders/z6/sk1b92g1385cmsp5qvg672kr0000gn/T/tmpld3vn668']
[2019-09-01 18:43:11,075] {base_task_runner.py:115} INFO - Job 55: Subtask get_fb_stock_data [2019-09-01 18:43:11,075] {__init__.py:51} INFO - Using executor SequentialExecutor
[2019-09-01 18:43:11,426] {base_task_runner.py:115} INFO - Job 55: Subtask get_fb_stock_data [2019-09-01 18:43:11,420] {dagbag.py:90} INFO - Filling up the DagBag from /Users/hdeva/airflow/dags/hello_world_dag.py
[2019-09-01 18:43:16,704] {base_task_runner.py:115} INFO - Job 55: Subtask get_fb_stock_data [2019-09-01 18:43:16,703] {cli.py:516} INFO - Running <TaskInstance: stock_data.get_fb_stock_data 2019-09-01T23:41:11.504322+00:00 [running]> on host Haris-MacBook-Pro.local
[2019-09-01 18:43:21,717] {python_operator.py:105} INFO - Exporting the following env vars:
AIRFLOW_CTX_DAG_ID=stock_data
AIRFLOW_CTX_TASK_ID=get_fb_stock_data
AIRFLOW_CTX_EXECUTION_DATE=2019-09-01T23:41:11.504322+00:00
AIRFLOW_CTX_DAG_RUN_ID=manual__2019-09-01T23:41:11.504322+00:00
[2019-09-01 18:43:22,105] {python_operator.py:114} INFO - Done. Returned value was:      symbol                      date  adjClose  ...    open  splitFactor    volume
0        FB 2015-01-02 00:00:00+00:00    78.450  ...   78.58          1.0  18177475
1        FB 2015-01-05 00:00:00+00:00    77.190  ...   77.98          1.0  26452191
2        FB 2015-01-06 00:00:00+00:00    76.150  ...   77.23          1.0  27399288
3        FB 2015-01-07 00:00:00+00:00    76.150  ...   76.76          1.0  22045333
4        FB 2015-01-08 00:00:00+00:00    78.175  ...   76.74          1.0  23960953
5        FB 2015-01-09 00:00:00+00:00    77.740  ...   78.20          1.0  21004109
6        FB 2015-01-12 00:00:00+00:00    76.720  ...   77.84          1.0  19190194
7        FB 2015-01-13 00:00:00+00:00    76.450  ...   77.23          1.0  25179561
8        FB 2015-01-14 00:00:00+00:00    76.280  ...   76.42          1.0  25918564
9        FB 2015-01-15 00:00:00+00:00    74.050  ...   76.40          1.0  34133974
10       FB 2015-01-16 00:00:00+00:00    75.180  ...   74.04          1.0  21791529
11       FB 2015-01-20 00:00:00+00:00    76.240  ...   75.72          1.0  22821614
12       FB 2015-01-21 00:00:00+00:00    76.740  ...   76.16          1.0  25096737
13       FB 2015-01-22 00:00:00+00:00    77.650  ...   77.17          1.0  19519458
14       FB 2015-01-23 00:00:00+00:00    77.830  ...   77.65          1.0  16746503
15       FB 2015-01-26 00:00:00+00:00    77.495  ...   77.98          1.0  19260820
16       FB 2015-01-27 00:00:00+00:00    75.780  ...   76.71          1.0  20109977
17       FB 2015-01-28 00:00:00+00:00    76.240  ...   76.90          1.0  53306422
18       FB 2015-01-29 00:00:00+00:00    78.000  ...   76.85          1.0  61293468
19       FB 2015-01-30 00:00:00+00:00    75.910  ...   78.00          1.0  42649491
20       FB 2015-02-02 00:00:00+00:00    74.990  ...   76.11          1.0  41955258
21       FB 2015-02-03 00:00:00+00:00    75.400  ...   75.19          1.0  26957714
22       FB 2015-02-04 00:00:00+00:00    75.630  ...   75.09          1.0  20277368
23       FB 2015-02-05 00:00:00+00:00    75.615  ...   75.71          1.0  15062573
24       FB 2015-02-06 00:00:00+00:00    74.470  ...   75.68          1.0  21210994
25       FB 2015-02-09 00:00:00+00:00    74.440  ...   74.05          1.0  16194322
26       FB 2015-02-10 00:00:00+00:00    75.190  ...   74.85          1.0  15811344
27       FB 2015-02-11 00:00:00+00:00    76.510  ...   75.09          1.0  20877427
28       FB 2015-02-12 00:00:00+00:00    76.230  ...   76.86          1.0  17234976
29       FB 2015-02-13 00:00:00+00:00    75.740  ...   76.46          1.0  18621860
...     ...                       ...       ...  ...     ...          ...       ...
1144     FB 2019-07-22 00:00:00+00:00   202.320  ...  199.91          1.0  13589024
1145     FB 2019-07-23 00:00:00+00:00   202.360  ...  202.84          1.0  14583680
1146     FB 2019-07-24 00:00:00+00:00   204.660  ...  197.63          1.0  32532540
1147     FB 2019-07-25 00:00:00+00:00   200.710  ...  206.70          1.0  39889869
1148     FB 2019-07-26 00:00:00+00:00   199.750  ...  200.19          1.0  24433985
1149     FB 2019-07-29 00:00:00+00:00   195.940  ...  199.00          1.0  16530801
1150     FB 2019-07-30 00:00:00+00:00   197.040  ...  195.39          1.0  11903558
1151     FB 2019-07-31 00:00:00+00:00   194.230  ...  196.95          1.0  14593544
1152     FB 2019-08-01 00:00:00+00:00   192.730  ...  194.17          1.0  17777013
1153     FB 2019-08-02 00:00:00+00:00   189.020  ...  191.10          1.0  15296975
1154     FB 2019-08-05 00:00:00+00:00   181.730  ...  184.69          1.0  23086655
1155     FB 2019-08-06 00:00:00+00:00   184.510  ...  183.69          1.0  18035686
1156     FB 2019-08-07 00:00:00+00:00   185.150  ...  183.60          1.0  15833197
1157     FB 2019-08-08 00:00:00+00:00   190.160  ...  186.62          1.0  14828916
1158     FB 2019-08-09 00:00:00+00:00   187.850  ...  190.00          1.0  11058811
1159     FB 2019-08-12 00:00:00+00:00   185.370  ...  186.85          1.0  10936283
1160     FB 2019-08-13 00:00:00+00:00   188.450  ...  185.52          1.0  13653319
1161     FB 2019-08-14 00:00:00+00:00   179.710  ...  185.80          1.0  18903716
1162     FB 2019-08-15 00:00:00+00:00   182.590  ...  180.95          1.0  13059640
1163     FB 2019-08-16 00:00:00+00:00   183.700  ...  183.75          1.0  12844832
1164     FB 2019-08-19 00:00:00+00:00   186.170  ...  186.01          1.0   9699661
1165     FB 2019-08-20 00:00:00+00:00   183.810  ...  185.45          1.0  10087592
1166     FB 2019-08-21 00:00:00+00:00   183.550  ...  185.00          1.0   8409548
1167     FB 2019-08-22 00:00:00+00:00   182.040  ...  183.43          1.0  10829509
1168     FB 2019-08-23 00:00:00+00:00   177.750  ...  180.84          1.0  17331221
1169     FB 2019-08-26 00:00:00+00:00   180.360  ...  179.40          1.0   8780477
1170     FB 2019-08-27 00:00:00+00:00   181.300  ...  181.93          1.0  14408946
1171     FB 2019-08-28 00:00:00+00:00   181.760  ...  180.53          1.0   9364533
1172     FB 2019-08-29 00:00:00+00:00   185.570  ...  183.77          1.0  10135033
1173     FB 2019-08-30 00:00:00+00:00   185.670  ...  186.78          1.0  10785722

[1174 rows x 14 columns]
[2019-09-01 18:43:25,387] {logging_mixin.py:95} INFO - [[34m2019-09-01 18:43:25,386[0m] {[34mlocal_task_job.py:[0m105} INFO[0m - Task exited with return code 0[0m
