[2019-09-16 13:40:22,833] {taskinstance.py:616} INFO - Dependencies all met for <TaskInstance: stock_data.get_aapl_stock_data 2019-01-04T17:00:00+00:00 [queued]>
[2019-09-16 13:40:22,841] {taskinstance.py:616} INFO - Dependencies all met for <TaskInstance: stock_data.get_aapl_stock_data 2019-01-04T17:00:00+00:00 [queued]>
[2019-09-16 13:40:22,841] {taskinstance.py:834} INFO - 
--------------------------------------------------------------------------------
[2019-09-16 13:40:22,841] {taskinstance.py:835} INFO - Starting attempt 1 of 2
[2019-09-16 13:40:22,841] {taskinstance.py:836} INFO - 
--------------------------------------------------------------------------------
[2019-09-16 13:40:22,852] {taskinstance.py:855} INFO - Executing <Task(PythonOperator): get_aapl_stock_data> on 2019-01-04T17:00:00+00:00
[2019-09-16 13:40:22,852] {base_task_runner.py:133} INFO - Running: ['airflow', 'run', 'stock_data', 'get_aapl_stock_data', '2019-01-04T17:00:00+00:00', '--job_id', '111', '--pool', 'default_pool', '--raw', '-sd', 'DAGS_FOLDER/hello_world_dag.py', '--cfg_path', '/var/folders/z6/sk1b92g1385cmsp5qvg672kr0000gn/T/tmptq89xqw5']
[2019-09-16 13:40:23,735] {base_task_runner.py:115} INFO - Job 111: Subtask get_aapl_stock_data [2019-09-16 13:40:23,734] {__init__.py:51} INFO - Using executor SequentialExecutor
[2019-09-16 13:40:24,126] {base_task_runner.py:115} INFO - Job 111: Subtask get_aapl_stock_data [2019-09-16 13:40:24,125] {dagbag.py:90} INFO - Filling up the DagBag from /Users/hdeva/airflow/dags/hello_world_dag.py
[2019-09-16 13:40:29,424] {base_task_runner.py:115} INFO - Job 111: Subtask get_aapl_stock_data [2019-09-16 13:40:29,424] {cli.py:516} INFO - Running <TaskInstance: stock_data.get_aapl_stock_data 2019-01-04T17:00:00+00:00 [running]> on host Haris-MacBook-Pro.local
[2019-09-16 13:40:34,439] {python_operator.py:105} INFO - Exporting the following env vars:
AIRFLOW_CTX_DAG_ID=stock_data
AIRFLOW_CTX_TASK_ID=get_aapl_stock_data
AIRFLOW_CTX_EXECUTION_DATE=2019-01-04T17:00:00+00:00
AIRFLOW_CTX_DAG_RUN_ID=scheduled__2019-01-04T17:00:00+00:00
[2019-09-16 13:40:38,050] {python_operator.py:114} INFO - Done. Returned value was:      symbol                      date  ...  splitFactor     volume
0      AAPL 2015-01-02 00:00:00+00:00  ...          1.0   53204626
1      AAPL 2015-01-05 00:00:00+00:00  ...          1.0   64285491
2      AAPL 2015-01-06 00:00:00+00:00  ...          1.0   65797116
3      AAPL 2015-01-07 00:00:00+00:00  ...          1.0   40105934
4      AAPL 2015-01-08 00:00:00+00:00  ...          1.0   59364547
5      AAPL 2015-01-09 00:00:00+00:00  ...          1.0   53315099
6      AAPL 2015-01-12 00:00:00+00:00  ...          1.0   49650790
7      AAPL 2015-01-13 00:00:00+00:00  ...          1.0   67091928
8      AAPL 2015-01-14 00:00:00+00:00  ...          1.0   48956588
9      AAPL 2015-01-15 00:00:00+00:00  ...          1.0   60013996
10     AAPL 2015-01-16 00:00:00+00:00  ...          1.0   78513345
11     AAPL 2015-01-20 00:00:00+00:00  ...          1.0   49899907
12     AAPL 2015-01-21 00:00:00+00:00  ...          1.0   48575897
13     AAPL 2015-01-22 00:00:00+00:00  ...          1.0   53796409
14     AAPL 2015-01-23 00:00:00+00:00  ...          1.0   46464828
15     AAPL 2015-01-26 00:00:00+00:00  ...          1.0   55614979
16     AAPL 2015-01-27 00:00:00+00:00  ...          1.0   95568749
17     AAPL 2015-01-28 00:00:00+00:00  ...          1.0  146477063
18     AAPL 2015-01-29 00:00:00+00:00  ...          1.0   84436432
19     AAPL 2015-01-30 00:00:00+00:00  ...          1.0   83745461
20     AAPL 2015-02-02 00:00:00+00:00  ...          1.0   62739100
21     AAPL 2015-02-03 00:00:00+00:00  ...          1.0   51915749
22     AAPL 2015-02-04 00:00:00+00:00  ...          1.0   70149743
23     AAPL 2015-02-05 00:00:00+00:00  ...          1.0   42246245
24     AAPL 2015-02-06 00:00:00+00:00  ...          1.0   43706567
25     AAPL 2015-02-09 00:00:00+00:00  ...          1.0   38889797
26     AAPL 2015-02-10 00:00:00+00:00  ...          1.0   62008506
27     AAPL 2015-02-11 00:00:00+00:00  ...          1.0   73561797
28     AAPL 2015-02-12 00:00:00+00:00  ...          1.0   74474466
29     AAPL 2015-02-13 00:00:00+00:00  ...          1.0   54272219
...     ...                       ...  ...          ...        ...
1153   AAPL 2019-08-02 00:00:00+00:00  ...          1.0   40862122
1154   AAPL 2019-08-05 00:00:00+00:00  ...          1.0   52392969
1155   AAPL 2019-08-06 00:00:00+00:00  ...          1.0   35824787
1156   AAPL 2019-08-07 00:00:00+00:00  ...          1.0   33364400
1157   AAPL 2019-08-08 00:00:00+00:00  ...          1.0   27009523
1158   AAPL 2019-08-09 00:00:00+00:00  ...          1.0   24619746
1159   AAPL 2019-08-12 00:00:00+00:00  ...          1.0   22481889
1160   AAPL 2019-08-13 00:00:00+00:00  ...          1.0   47539786
1161   AAPL 2019-08-14 00:00:00+00:00  ...          1.0   36547443
1162   AAPL 2019-08-15 00:00:00+00:00  ...          1.0   27883363
1163   AAPL 2019-08-16 00:00:00+00:00  ...          1.0   28813624
1164   AAPL 2019-08-19 00:00:00+00:00  ...          1.0   24431915
1165   AAPL 2019-08-20 00:00:00+00:00  ...          1.0   26919529
1166   AAPL 2019-08-21 00:00:00+00:00  ...          1.0   21564747
1167   AAPL 2019-08-22 00:00:00+00:00  ...          1.0   22267819
1168   AAPL 2019-08-23 00:00:00+00:00  ...          1.0   46882843
1169   AAPL 2019-08-26 00:00:00+00:00  ...          1.0   26066130
1170   AAPL 2019-08-27 00:00:00+00:00  ...          1.0   25897344
1171   AAPL 2019-08-28 00:00:00+00:00  ...          1.0   15957632
1172   AAPL 2019-08-29 00:00:00+00:00  ...          1.0   21007652
1173   AAPL 2019-08-30 00:00:00+00:00  ...          1.0   21162561
1174   AAPL 2019-09-03 00:00:00+00:00  ...          1.0   20059574
1175   AAPL 2019-09-04 00:00:00+00:00  ...          1.0   19216820
1176   AAPL 2019-09-05 00:00:00+00:00  ...          1.0   23946984
1177   AAPL 2019-09-06 00:00:00+00:00  ...          1.0   19362294
1178   AAPL 2019-09-09 00:00:00+00:00  ...          1.0   27309401
1179   AAPL 2019-09-10 00:00:00+00:00  ...          1.0   31777931
1180   AAPL 2019-09-11 00:00:00+00:00  ...          1.0   44289646
1181   AAPL 2019-09-12 00:00:00+00:00  ...          1.0   32226669
1182   AAPL 2019-09-13 00:00:00+00:00  ...          1.0   39763296

[1183 rows x 14 columns]
[2019-09-16 13:40:42,932] {logging_mixin.py:95} INFO - [[34m2019-09-16 13:40:42,930[0m] {[34mlocal_task_job.py:[0m105} INFO[0m - Task exited with return code 0[0m
