[2019-08-28 18:04:10,517] {taskinstance.py:616} INFO - Dependencies all met for <TaskInstance: stock_data.get_amzn_stock_data 2019-08-28T23:03:15.168509+00:00 [queued]>
[2019-08-28 18:04:10,532] {taskinstance.py:616} INFO - Dependencies all met for <TaskInstance: stock_data.get_amzn_stock_data 2019-08-28T23:03:15.168509+00:00 [queued]>
[2019-08-28 18:04:10,532] {taskinstance.py:834} INFO - 
--------------------------------------------------------------------------------
[2019-08-28 18:04:10,532] {taskinstance.py:835} INFO - Starting attempt 1 of 2
[2019-08-28 18:04:10,532] {taskinstance.py:836} INFO - 
--------------------------------------------------------------------------------
[2019-08-28 18:04:10,538] {taskinstance.py:855} INFO - Executing <Task(PythonOperator): get_amzn_stock_data> on 2019-08-28T23:03:15.168509+00:00
[2019-08-28 18:04:10,539] {base_task_runner.py:133} INFO - Running: ['airflow', 'run', 'stock_data', 'get_amzn_stock_data', '2019-08-28T23:03:15.168509+00:00', '--job_id', '44', '--pool', 'default_pool', '--raw', '-sd', 'DAGS_FOLDER/hello_world_dag.py', '--cfg_path', '/var/folders/z6/sk1b92g1385cmsp5qvg672kr0000gn/T/tmp_awpd9r2']
[2019-08-28 18:04:11,843] {base_task_runner.py:115} INFO - Job 44: Subtask get_amzn_stock_data [2019-08-28 18:04:11,842] {__init__.py:51} INFO - Using executor SequentialExecutor
[2019-08-28 18:04:12,328] {base_task_runner.py:115} INFO - Job 44: Subtask get_amzn_stock_data [2019-08-28 18:04:12,328] {dagbag.py:90} INFO - Filling up the DagBag from /Users/hdeva/airflow/dags/hello_world_dag.py
[2019-08-28 18:04:17,640] {base_task_runner.py:115} INFO - Job 44: Subtask get_amzn_stock_data [2019-08-28 18:04:17,639] {cli.py:516} INFO - Running <TaskInstance: stock_data.get_amzn_stock_data 2019-08-28T23:03:15.168509+00:00 [running]> on host Haris-MacBook-Pro.local
[2019-08-28 18:04:22,657] {python_operator.py:105} INFO - Exporting the following env vars:
AIRFLOW_CTX_DAG_ID=stock_data
AIRFLOW_CTX_TASK_ID=get_amzn_stock_data
AIRFLOW_CTX_EXECUTION_DATE=2019-08-28T23:03:15.168509+00:00
AIRFLOW_CTX_DAG_RUN_ID=manual__2019-08-28T23:03:15.168509+00:00
[2019-08-28 18:04:23,117] {python_operator.py:114} INFO - Done. Returned value was:      symbol                      date  adjClose  ...     open  splitFactor    volume
0      AMZN 2015-01-02 00:00:00+00:00   308.520  ...   312.58          1.0   2788101
1      AMZN 2015-01-05 00:00:00+00:00   302.190  ...   307.01          1.0   2774231
2      AMZN 2015-01-06 00:00:00+00:00   295.290  ...   302.24          1.0   3519034
3      AMZN 2015-01-07 00:00:00+00:00   298.420  ...   297.50          1.0   2640349
4      AMZN 2015-01-08 00:00:00+00:00   300.460  ...   300.32          1.0   3088398
5      AMZN 2015-01-09 00:00:00+00:00   296.930  ...   301.48          1.0   2570947
6      AMZN 2015-01-12 00:00:00+00:00   291.410  ...   297.56          1.0   3421392
7      AMZN 2015-01-13 00:00:00+00:00   294.740  ...   297.48          1.0   4136442
8      AMZN 2015-01-14 00:00:00+00:00   293.270  ...   291.93          1.0   5538666
9      AMZN 2015-01-15 00:00:00+00:00   286.950  ...   294.00          1.0   4419196
10     AMZN 2015-01-16 00:00:00+00:00   290.740  ...   286.28          1.0   3478176
11     AMZN 2015-01-20 00:00:00+00:00   289.440  ...   292.59          1.0   3075081
12     AMZN 2015-01-21 00:00:00+00:00   297.250  ...   289.64          1.0  10065076
13     AMZN 2015-01-22 00:00:00+00:00   310.320  ...   300.00          1.0   5362640
14     AMZN 2015-01-23 00:00:00+00:00   312.390  ...   308.08          1.0   4496419
15     AMZN 2015-01-26 00:00:00+00:00   309.660  ...   311.82          1.0   3169665
16     AMZN 2015-01-27 00:00:00+00:00   306.750  ...   306.30          1.0   2920315
17     AMZN 2015-01-28 00:00:00+00:00   303.910  ...   309.81          1.0   3063774
18     AMZN 2015-01-29 00:00:00+00:00   311.780  ...   304.73          1.0   8656567
19     AMZN 2015-01-30 00:00:00+00:00   354.530  ...   346.32          1.0  23856060
20     AMZN 2015-02-02 00:00:00+00:00   364.470  ...   350.05          1.0  10231914
21     AMZN 2015-02-03 00:00:00+00:00   363.550  ...   360.29          1.0   6212565
22     AMZN 2015-02-04 00:00:00+00:00   364.750  ...   358.38          1.0   4169927
23     AMZN 2015-02-05 00:00:00+00:00   373.890  ...   366.00          1.0   7247605
24     AMZN 2015-02-06 00:00:00+00:00   374.280  ...   374.87          1.0   3892382
25     AMZN 2015-02-09 00:00:00+00:00   370.560  ...   371.00          1.0   2724630
26     AMZN 2015-02-10 00:00:00+00:00   372.995  ...   371.19          1.0   2287232
27     AMZN 2015-02-11 00:00:00+00:00   375.140  ...   371.23          1.0   2786523
28     AMZN 2015-02-12 00:00:00+00:00   377.170  ...   375.10          1.0   2791050
29     AMZN 2015-02-13 00:00:00+00:00   381.830  ...   378.41          1.0   3475069
...     ...                       ...       ...  ...      ...          ...       ...
1142   AMZN 2019-07-18 00:00:00+00:00  1977.900  ...  1980.01          1.0   3504252
1143   AMZN 2019-07-19 00:00:00+00:00  1964.520  ...  1991.21          1.0   3185612
1144   AMZN 2019-07-22 00:00:00+00:00  1985.630  ...  1971.14          1.0   2908111
1145   AMZN 2019-07-23 00:00:00+00:00  1994.490  ...  1995.99          1.0   2703480
1146   AMZN 2019-07-24 00:00:00+00:00  2000.810  ...  1969.30          1.0   2631300
1147   AMZN 2019-07-25 00:00:00+00:00  1973.820  ...  2001.00          1.0   4136394
1148   AMZN 2019-07-26 00:00:00+00:00  1943.050  ...  1942.00          1.0   4927143
1149   AMZN 2019-07-29 00:00:00+00:00  1912.450  ...  1930.00          1.0   4493190
1150   AMZN 2019-07-30 00:00:00+00:00  1898.530  ...  1891.12          1.0   2910888
1151   AMZN 2019-07-31 00:00:00+00:00  1866.780  ...  1898.11          1.0   4470727
1152   AMZN 2019-08-01 00:00:00+00:00  1855.320  ...  1871.72          1.0   4713311
1153   AMZN 2019-08-02 00:00:00+00:00  1823.240  ...  1845.07          1.0   4956225
1154   AMZN 2019-08-05 00:00:00+00:00  1765.130  ...  1770.22          1.0   6058212
1155   AMZN 2019-08-06 00:00:00+00:00  1787.830  ...  1792.23          1.0   5070258
1156   AMZN 2019-08-07 00:00:00+00:00  1793.400  ...  1773.99          1.0   4526884
1157   AMZN 2019-08-08 00:00:00+00:00  1832.890  ...  1806.00          1.0   3701242
1158   AMZN 2019-08-09 00:00:00+00:00  1807.580  ...  1828.95          1.0   2879770
1159   AMZN 2019-08-12 00:00:00+00:00  1784.920  ...  1795.99          1.0   2905498
1160   AMZN 2019-08-13 00:00:00+00:00  1824.340  ...  1783.00          1.0   4075021
1161   AMZN 2019-08-14 00:00:00+00:00  1762.960  ...  1793.01          1.0   4893649
1162   AMZN 2019-08-15 00:00:00+00:00  1776.120  ...  1781.99          1.0   3809948
1163   AMZN 2019-08-16 00:00:00+00:00  1792.570  ...  1792.89          1.0   3054240
1164   AMZN 2019-08-19 00:00:00+00:00  1816.120  ...  1818.08          1.0   2820303
1165   AMZN 2019-08-20 00:00:00+00:00  1801.380  ...  1814.50          1.0   1932835
1166   AMZN 2019-08-21 00:00:00+00:00  1823.540  ...  1819.39          1.0   2039231
1167   AMZN 2019-08-22 00:00:00+00:00  1805.600  ...  1828.00          1.0   2658388
1168   AMZN 2019-08-23 00:00:00+00:00  1749.620  ...  1793.03          1.0   5277898
1169   AMZN 2019-08-26 00:00:00+00:00  1768.870  ...  1766.91          1.0   3085320
1170   AMZN 2019-08-27 00:00:00+00:00  1761.830  ...  1775.73          1.0   3027245
1171   AMZN 2019-08-28 00:00:00+00:00  1764.250  ...  1755.00          1.0   2411125

[1172 rows x 14 columns]
[2019-08-28 18:04:25,602] {logging_mixin.py:95} INFO - [[34m2019-08-28 18:04:25,600[0m] {[34mlocal_task_job.py:[0m105} INFO[0m - Task exited with return code 0[0m
