[2019-09-01 18:44:14,347] {taskinstance.py:616} INFO - Dependencies all met for <TaskInstance: stock_data.get_googl_stock_data 2019-09-01T23:41:11.504322+00:00 [queued]>
[2019-09-01 18:44:14,355] {taskinstance.py:616} INFO - Dependencies all met for <TaskInstance: stock_data.get_googl_stock_data 2019-09-01T23:41:11.504322+00:00 [queued]>
[2019-09-01 18:44:14,355] {taskinstance.py:834} INFO - 
--------------------------------------------------------------------------------
[2019-09-01 18:44:14,355] {taskinstance.py:835} INFO - Starting attempt 1 of 2
[2019-09-01 18:44:14,355] {taskinstance.py:836} INFO - 
--------------------------------------------------------------------------------
[2019-09-01 18:44:14,374] {taskinstance.py:855} INFO - Executing <Task(PythonOperator): get_googl_stock_data> on 2019-09-01T23:41:11.504322+00:00
[2019-09-01 18:44:14,374] {base_task_runner.py:133} INFO - Running: ['airflow', 'run', 'stock_data', 'get_googl_stock_data', '2019-09-01T23:41:11.504322+00:00', '--job_id', '57', '--pool', 'default_pool', '--raw', '-sd', 'DAGS_FOLDER/hello_world_dag.py', '--cfg_path', '/var/folders/z6/sk1b92g1385cmsp5qvg672kr0000gn/T/tmpami__erj']
[2019-09-01 18:44:15,203] {base_task_runner.py:115} INFO - Job 57: Subtask get_googl_stock_data [2019-09-01 18:44:15,202] {__init__.py:51} INFO - Using executor SequentialExecutor
[2019-09-01 18:44:15,574] {base_task_runner.py:115} INFO - Job 57: Subtask get_googl_stock_data [2019-09-01 18:44:15,573] {dagbag.py:90} INFO - Filling up the DagBag from /Users/hdeva/airflow/dags/hello_world_dag.py
[2019-09-01 18:44:20,874] {base_task_runner.py:115} INFO - Job 57: Subtask get_googl_stock_data [2019-09-01 18:44:20,874] {cli.py:516} INFO - Running <TaskInstance: stock_data.get_googl_stock_data 2019-09-01T23:41:11.504322+00:00 [running]> on host Haris-MacBook-Pro.local
[2019-09-01 18:44:25,883] {python_operator.py:105} INFO - Exporting the following env vars:
AIRFLOW_CTX_DAG_ID=stock_data
AIRFLOW_CTX_TASK_ID=get_googl_stock_data
AIRFLOW_CTX_EXECUTION_DATE=2019-09-01T23:41:11.504322+00:00
AIRFLOW_CTX_DAG_RUN_ID=manual__2019-09-01T23:41:11.504322+00:00
[2019-09-01 18:44:26,291] {python_operator.py:114} INFO - Done. Returned value was:      symbol                      date  adjClose  ...     open  splitFactor   volume
0     GOOGL 2015-01-02 00:00:00+00:00   529.550  ...   532.60          1.0  1327870
1     GOOGL 2015-01-05 00:00:00+00:00   519.460  ...   527.15          1.0  2059119
2     GOOGL 2015-01-06 00:00:00+00:00   506.640  ...   520.50          1.0  2731813
3     GOOGL 2015-01-07 00:00:00+00:00   505.150  ...   510.95          1.0  2345875
4     GOOGL 2015-01-08 00:00:00+00:00   506.910  ...   501.51          1.0  3662224
5     GOOGL 2015-01-09 00:00:00+00:00   500.720  ...   508.18          1.0  2065403
6     GOOGL 2015-01-12 00:00:00+00:00   497.060  ...   499.24          1.0  2856938
7     GOOGL 2015-01-13 00:00:00+00:00   501.800  ...   502.57          1.0  3050295
8     GOOGL 2015-01-14 00:00:00+00:00   505.930  ...   500.42          1.0  2639959
9     GOOGL 2015-01-15 00:00:00+00:00   504.010  ...   508.89          1.0  2556682
10    GOOGL 2015-01-16 00:00:00+00:00   510.455  ...   503.15          1.0  2482858
11    GOOGL 2015-01-20 00:00:00+00:00   509.940  ...   512.77          1.0  2343612
12    GOOGL 2015-01-21 00:00:00+00:00   520.390  ...   510.84          1.0  2317789
13    GOOGL 2015-01-22 00:00:00+00:00   537.300  ...   523.00          1.0  2803401
14    GOOGL 2015-01-23 00:00:00+00:00   541.950  ...   538.03          1.0  2298290
15    GOOGL 2015-01-26 00:00:00+00:00   536.720  ...   541.50          1.0  1546563
16    GOOGL 2015-01-27 00:00:00+00:00   521.190  ...   531.40          1.0  1957440
17    GOOGL 2015-01-28 00:00:00+00:00   512.430  ...   525.00          1.0  1791077
18    GOOGL 2015-01-29 00:00:00+00:00   513.230  ...   512.90          1.0  3950857
19    GOOGL 2015-01-30 00:00:00+00:00   537.550  ...   519.00          1.0  6055445
20    GOOGL 2015-02-02 00:00:00+00:00   532.200  ...   534.32          1.0  3768861
21    GOOGL 2015-02-03 00:00:00+00:00   533.300  ...   529.94          1.0  2353096
22    GOOGL 2015-02-04 00:00:00+00:00   526.100  ...   533.14          1.0  1694832
23    GOOGL 2015-02-05 00:00:00+00:00   529.830  ...   527.93          1.0  1658751
24    GOOGL 2015-02-06 00:00:00+00:00   533.875  ...   531.01          1.0  2146922
25    GOOGL 2015-02-09 00:00:00+00:00   529.280  ...   531.06          1.0  1515687
26    GOOGL 2015-02-10 00:00:00+00:00   540.160  ...   532.15          1.0  2371468
27    GOOGL 2015-02-11 00:00:00+00:00   538.000  ...   539.73          1.0  1915336
28    GOOGL 2015-02-12 00:00:00+00:00   546.010  ...   539.66          1.0  2429520
29    GOOGL 2015-02-13 00:00:00+00:00   551.160  ...   547.51          1.0  2369115
...     ...                       ...       ...  ...      ...          ...      ...
1144  GOOGL 2019-07-22 00:00:00+00:00  1139.210  ...  1135.47          1.0  1446757
1145  GOOGL 2019-07-23 00:00:00+00:00  1148.050  ...  1143.45          1.0  1032438
1146  GOOGL 2019-07-24 00:00:00+00:00  1139.730  ...  1132.62          1.0  1359956
1147  GOOGL 2019-07-25 00:00:00+00:00  1135.940  ...  1138.95          1.0  2738139
1148  GOOGL 2019-07-26 00:00:00+00:00  1245.220  ...  1228.00          1.0  6060795
1149  GOOGL 2019-07-29 00:00:00+00:00  1241.840  ...  1242.50          1.0  2069127
1150  GOOGL 2019-07-30 00:00:00+00:00  1228.000  ...  1227.00          1.0  1430775
1151  GOOGL 2019-07-31 00:00:00+00:00  1218.200  ...  1224.87          1.0  1997999
1152  GOOGL 2019-08-01 00:00:00+00:00  1211.780  ...  1217.63          1.0  1771271
1153  GOOGL 2019-08-02 00:00:00+00:00  1196.320  ...  1203.00          1.0  1745450
1154  GOOGL 2019-08-05 00:00:00+00:00  1154.750  ...  1172.97          1.0  2391972
1155  GOOGL 2019-08-06 00:00:00+00:00  1171.080  ...  1165.52          1.0  1800707
1156  GOOGL 2019-08-07 00:00:00+00:00  1175.910  ...  1157.80          1.0  1534347
1157  GOOGL 2019-08-08 00:00:00+00:00  1206.190  ...  1186.43          1.0  1505848
1158  GOOGL 2019-08-09 00:00:00+00:00  1188.900  ...  1199.99          1.0  1020945
1159  GOOGL 2019-08-12 00:00:00+00:00  1174.500  ...  1180.00          1.0  1103243
1160  GOOGL 2019-08-13 00:00:00+00:00  1196.730  ...  1174.35          1.0  1430240
1161  GOOGL 2019-08-14 00:00:00+00:00  1164.250  ...  1176.07          1.0  1771501
1162  GOOGL 2019-08-15 00:00:00+00:00  1169.320  ...  1168.43          1.0  1430715
1163  GOOGL 2019-08-16 00:00:00+00:00  1179.210  ...  1180.79          1.0  1265187
1164  GOOGL 2019-08-19 00:00:00+00:00  1200.440  ...  1191.83          1.0  1222854
1165  GOOGL 2019-08-20 00:00:00+00:00  1183.530  ...  1195.35          1.0  1010566
1166  GOOGL 2019-08-21 00:00:00+00:00  1191.580  ...  1195.82          1.0   708272
1167  GOOGL 2019-08-22 00:00:00+00:00  1191.520  ...  1193.80          1.0   867915
1168  GOOGL 2019-08-23 00:00:00+00:00  1153.580  ...  1185.17          1.0  1813141
1169  GOOGL 2019-08-26 00:00:00+00:00  1171.180  ...  1159.45          1.0  1058926
1170  GOOGL 2019-08-27 00:00:00+00:00  1170.820  ...  1183.00          1.0  1173489
1171  GOOGL 2019-08-28 00:00:00+00:00  1173.750  ...  1164.87          1.0   833830
1172  GOOGL 2019-08-29 00:00:00+00:00  1194.240  ...  1186.42          1.0   982098
1173  GOOGL 2019-08-30 00:00:00+00:00  1190.530  ...  1200.35          1.0   903375

[1174 rows x 14 columns]
[2019-09-01 18:44:29,437] {logging_mixin.py:95} INFO - [[34m2019-09-01 18:44:29,436[0m] {[34mlocal_task_job.py:[0m105} INFO[0m - Task exited with return code 0[0m
