[2019-09-16 13:35:46,639] {taskinstance.py:616} INFO - Dependencies all met for <TaskInstance: stock_data.get_amzn_stock_data 2019-01-03T17:00:00+00:00 [queued]>
[2019-09-16 13:35:46,646] {taskinstance.py:616} INFO - Dependencies all met for <TaskInstance: stock_data.get_amzn_stock_data 2019-01-03T17:00:00+00:00 [queued]>
[2019-09-16 13:35:46,647] {taskinstance.py:834} INFO - 
--------------------------------------------------------------------------------
[2019-09-16 13:35:46,647] {taskinstance.py:835} INFO - Starting attempt 1 of 2
[2019-09-16 13:35:46,647] {taskinstance.py:836} INFO - 
--------------------------------------------------------------------------------
[2019-09-16 13:35:46,659] {taskinstance.py:855} INFO - Executing <Task(PythonOperator): get_amzn_stock_data> on 2019-01-03T17:00:00+00:00
[2019-09-16 13:35:46,659] {base_task_runner.py:133} INFO - Running: ['airflow', 'run', 'stock_data', 'get_amzn_stock_data', '2019-01-03T17:00:00+00:00', '--job_id', '103', '--pool', 'default_pool', '--raw', '-sd', 'DAGS_FOLDER/hello_world_dag.py', '--cfg_path', '/var/folders/z6/sk1b92g1385cmsp5qvg672kr0000gn/T/tmp6jln4_ds']
[2019-09-16 13:35:47,468] {base_task_runner.py:115} INFO - Job 103: Subtask get_amzn_stock_data [2019-09-16 13:35:47,468] {__init__.py:51} INFO - Using executor SequentialExecutor
[2019-09-16 13:35:47,826] {base_task_runner.py:115} INFO - Job 103: Subtask get_amzn_stock_data [2019-09-16 13:35:47,825] {dagbag.py:90} INFO - Filling up the DagBag from /Users/hdeva/airflow/dags/hello_world_dag.py
[2019-09-16 13:35:53,129] {base_task_runner.py:115} INFO - Job 103: Subtask get_amzn_stock_data [2019-09-16 13:35:53,128] {cli.py:516} INFO - Running <TaskInstance: stock_data.get_amzn_stock_data 2019-01-03T17:00:00+00:00 [running]> on host Haris-MacBook-Pro.local
[2019-09-16 13:35:58,140] {python_operator.py:105} INFO - Exporting the following env vars:
AIRFLOW_CTX_DAG_ID=stock_data
AIRFLOW_CTX_TASK_ID=get_amzn_stock_data
AIRFLOW_CTX_EXECUTION_DATE=2019-01-03T17:00:00+00:00
AIRFLOW_CTX_DAG_RUN_ID=scheduled__2019-01-03T17:00:00+00:00
[2019-09-16 13:36:01,956] {python_operator.py:114} INFO - Done. Returned value was:      symbol                      date  adjClose  ...     open  splitFactor    volume
0      AMZN 2015-01-02 00:00:00+00:00   308.520  ...   312.58          1.0   2788101
1      AMZN 2015-01-05 00:00:00+00:00   302.190  ...   307.01          1.0   2774231
2      AMZN 2015-01-06 00:00:00+00:00   295.290  ...   302.24          1.0   3519034
3      AMZN 2015-01-07 00:00:00+00:00   298.420  ...   297.50          1.0   2640349
4      AMZN 2015-01-08 00:00:00+00:00   300.460  ...   300.32          1.0   3088398
5      AMZN 2015-01-09 00:00:00+00:00   296.930  ...   301.48          1.0   2570947
6      AMZN 2015-01-12 00:00:00+00:00   291.410  ...   297.56          1.0   3421392
7      AMZN 2015-01-13 00:00:00+00:00   294.740  ...   297.48          1.0   4136442
8      AMZN 2015-01-14 00:00:00+00:00   293.270  ...   291.93          1.0   5538666
9      AMZN 2015-01-15 00:00:00+00:00   286.950  ...   294.00          1.0   4419196
10     AMZN 2015-01-16 00:00:00+00:00   290.740  ...   286.28          1.0   3478176
11     AMZN 2015-01-20 00:00:00+00:00   289.440  ...   292.59          1.0   3075081
12     AMZN 2015-01-21 00:00:00+00:00   297.250  ...   289.64          1.0  10065076
13     AMZN 2015-01-22 00:00:00+00:00   310.320  ...   300.00          1.0   5362640
14     AMZN 2015-01-23 00:00:00+00:00   312.390  ...   308.08          1.0   4496419
15     AMZN 2015-01-26 00:00:00+00:00   309.660  ...   311.82          1.0   3169665
16     AMZN 2015-01-27 00:00:00+00:00   306.750  ...   306.30          1.0   2920315
17     AMZN 2015-01-28 00:00:00+00:00   303.910  ...   309.81          1.0   3063774
18     AMZN 2015-01-29 00:00:00+00:00   311.780  ...   304.73          1.0   8656567
19     AMZN 2015-01-30 00:00:00+00:00   354.530  ...   346.32          1.0  23856060
20     AMZN 2015-02-02 00:00:00+00:00   364.470  ...   350.05          1.0  10231914
21     AMZN 2015-02-03 00:00:00+00:00   363.550  ...   360.29          1.0   6212565
22     AMZN 2015-02-04 00:00:00+00:00   364.750  ...   358.38          1.0   4169927
23     AMZN 2015-02-05 00:00:00+00:00   373.890  ...   366.00          1.0   7247605
24     AMZN 2015-02-06 00:00:00+00:00   374.280  ...   374.87          1.0   3892382
25     AMZN 2015-02-09 00:00:00+00:00   370.560  ...   371.00          1.0   2724630
26     AMZN 2015-02-10 00:00:00+00:00   372.995  ...   371.19          1.0   2287232
27     AMZN 2015-02-11 00:00:00+00:00   375.140  ...   371.23          1.0   2786523
28     AMZN 2015-02-12 00:00:00+00:00   377.170  ...   375.10          1.0   2791050
29     AMZN 2015-02-13 00:00:00+00:00   381.830  ...   378.41          1.0   3475069
...     ...                       ...       ...  ...      ...          ...       ...
1153   AMZN 2019-08-02 00:00:00+00:00  1823.240  ...  1845.07          1.0   4956225
1154   AMZN 2019-08-05 00:00:00+00:00  1765.130  ...  1770.22          1.0   6058212
1155   AMZN 2019-08-06 00:00:00+00:00  1787.830  ...  1792.23          1.0   5070258
1156   AMZN 2019-08-07 00:00:00+00:00  1793.400  ...  1773.99          1.0   4526884
1157   AMZN 2019-08-08 00:00:00+00:00  1832.890  ...  1806.00          1.0   3701242
1158   AMZN 2019-08-09 00:00:00+00:00  1807.580  ...  1828.95          1.0   2879770
1159   AMZN 2019-08-12 00:00:00+00:00  1784.920  ...  1795.99          1.0   2905498
1160   AMZN 2019-08-13 00:00:00+00:00  1824.340  ...  1783.00          1.0   4075021
1161   AMZN 2019-08-14 00:00:00+00:00  1762.960  ...  1793.01          1.0   4893649
1162   AMZN 2019-08-15 00:00:00+00:00  1776.120  ...  1781.99          1.0   3809948
1163   AMZN 2019-08-16 00:00:00+00:00  1792.570  ...  1792.89          1.0   3054240
1164   AMZN 2019-08-19 00:00:00+00:00  1816.120  ...  1818.08          1.0   2820303
1165   AMZN 2019-08-20 00:00:00+00:00  1801.380  ...  1814.50          1.0   1932835
1166   AMZN 2019-08-21 00:00:00+00:00  1823.540  ...  1819.39          1.0   2039231
1167   AMZN 2019-08-22 00:00:00+00:00  1805.600  ...  1828.00          1.0   2658388
1168   AMZN 2019-08-23 00:00:00+00:00  1749.620  ...  1793.03          1.0   5277898
1169   AMZN 2019-08-26 00:00:00+00:00  1768.870  ...  1766.91          1.0   3085320
1170   AMZN 2019-08-27 00:00:00+00:00  1761.830  ...  1775.73          1.0   3027245
1171   AMZN 2019-08-28 00:00:00+00:00  1764.250  ...  1755.00          1.0   2411125
1172   AMZN 2019-08-29 00:00:00+00:00  1786.400  ...  1783.00          1.0   3018012
1173   AMZN 2019-08-30 00:00:00+00:00  1776.290  ...  1797.49          1.0   3064147
1174   AMZN 2019-09-03 00:00:00+00:00  1789.840  ...  1770.00          1.0   3546859
1175   AMZN 2019-09-04 00:00:00+00:00  1800.620  ...  1805.00          1.0   2326228
1176   AMZN 2019-09-05 00:00:00+00:00  1840.720  ...  1821.95          1.0   3325189
1177   AMZN 2019-09-06 00:00:00+00:00  1833.510  ...  1838.22          1.0   2496933
1178   AMZN 2019-09-09 00:00:00+00:00  1831.350  ...  1841.00          1.0   2999515
1179   AMZN 2019-09-10 00:00:00+00:00  1820.550  ...  1822.75          1.0   2613879
1180   AMZN 2019-09-11 00:00:00+00:00  1822.990  ...  1812.14          1.0   2432767
1181   AMZN 2019-09-12 00:00:00+00:00  1843.550  ...  1837.63          1.0   2823505
1182   AMZN 2019-09-13 00:00:00+00:00  1839.340  ...  1842.01          1.0   1971317

[1183 rows x 14 columns]
[2019-09-16 13:36:06,744] {logging_mixin.py:95} INFO - [[34m2019-09-16 13:36:06,743[0m] {[34mlocal_task_job.py:[0m105} INFO[0m - Task exited with return code 0[0m
